<?xml version="1.0" encoding="UTF-8"?>
<!-- Generated by org.testng.reporters.JUnitReportReporter -->
<testsuite hostname="DESKTOP-8OH464O" failures="0" tests="3" name="com.flipkart.testcases.TC01HomePage" time="26.651" errors="0" timestamp="2025-06-19T20:30:12 IST" skipped="0">
  <testcase classname="com.flipkart.testcases.TC01HomePage" name="searchProduct" time="7.433"/>
  <testcase classname="com.flipkart.testcases.TC01HomePage" name="searchProduct" time="7.675"/>
  <testcase classname="com.flipkart.testcases.TC01HomePage" name="searchProduct" time="11.543"/>
</testsuite> <!-- com.flipkart.testcases.TC01HomePage -->
